Mon Oct 23 19:28:16 UTC 2023: Clone Traffic Data: {
  "message": "Resource not accessible by integration",
  "documentation_url": "https://docs.github.com/rest/metrics/traffic#get-repository-clones"
}
Mon Oct 30 00:54:28 UTC 2023: Clone Traffic Data: {
  "message": "Resource not accessible by integration",
  "documentation_url": "https://docs.github.com/rest/metrics/traffic#get-repository-clones"
}
Mon Nov  6 00:55:44 UTC 2023: Clone Traffic Data: {
  "message": "Resource not accessible by integration",
  "documentation_url": "https://docs.github.com/rest/metrics/traffic#get-repository-clones"
}
Mon Nov 13 00:56:46 UTC 2023: Clone Traffic Data: {
  "message": "Resource not accessible by integration",
  "documentation_url": "https://docs.github.com/rest/metrics/traffic#get-repository-clones"
}
Mon Nov 20 00:57:37 UTC 2023: Clone Traffic Data: {
  "message": "Resource not accessible by integration",
  "documentation_url": "https://docs.github.com/rest/metrics/traffic#get-repository-clones"
}
Mon Nov 27 00:57:13 UTC 2023: Clone Traffic Data: {
  "message": "Resource not accessible by integration",
  "documentation_url": "https://docs.github.com/rest/metrics/traffic#get-repository-clones"
}
Mon Dec  4 00:57:40 UTC 2023: Clone Traffic Data: {
  "message": "Resource not accessible by integration",
  "documentation_url": "https://docs.github.com/rest/metrics/traffic#get-repository-clones"
}
Mon Dec 11 00:58:04 UTC 2023: Clone Traffic Data: {
  "message": "Resource not accessible by integration",
  "documentation_url": "https://docs.github.com/rest/metrics/traffic#get-repository-clones"
}
Mon Dec 18 00:58:17 UTC 2023: Clone Traffic Data: {
  "message": "Resource not accessible by integration",
  "documentation_url": "https://docs.github.com/rest/metrics/traffic#get-repository-clones"
}
Mon Dec 25 00:57:12 UTC 2023: Clone Traffic Data: {
  "message": "Resource not accessible by integration",
  "documentation_url": "https://docs.github.com/rest/metrics/traffic#get-repository-clones"
}
Mon Jan  1 01:02:02 UTC 2024: Clone Traffic Data: {
  "message": "Resource not accessible by integration",
  "documentation_url": "https://docs.github.com/rest/metrics/traffic#get-repository-clones"
}
Mon Jan  8 00:58:28 UTC 2024: Clone Traffic Data: {
  "message": "Resource not accessible by integration",
  "documentation_url": "https://docs.github.com/rest/metrics/traffic#get-repository-clones"
}
Mon Jan 15 01:00:05 UTC 2024: Clone Traffic Data: {
  "message": "Resource not accessible by integration",
  "documentation_url": "https://docs.github.com/rest/metrics/traffic#get-repository-clones"
}
Mon Jan 22 01:00:44 UTC 2024: Clone Traffic Data: {
  "message": "Resource not accessible by integration",
  "documentation_url": "https://docs.github.com/rest/metrics/traffic#get-repository-clones"
}
Mon Jan 29 00:54:35 UTC 2024: Clone Traffic Data: {
  "message": "Resource not accessible by integration",
  "documentation_url": "https://docs.github.com/rest/metrics/traffic#get-repository-clones"
}
Mon Feb  5 00:56:01 UTC 2024: Clone Traffic Data: {
  "message": "Resource not accessible by integration",
  "documentation_url": "https://docs.github.com/rest/metrics/traffic#get-repository-clones"
}
Mon Feb 12 00:54:21 UTC 2024: Clone Traffic Data: {
  "message": "Resource not accessible by integration",
  "documentation_url": "https://docs.github.com/rest/metrics/traffic#get-repository-clones"
}
Mon Feb 19 00:54:53 UTC 2024: Clone Traffic Data: {
  "message": "Resource not accessible by integration",
  "documentation_url": "https://docs.github.com/rest/metrics/traffic#get-repository-clones"
}
Mon Feb 26 00:54:46 UTC 2024: Clone Traffic Data: {
  "message": "Resource not accessible by integration",
  "documentation_url": "https://docs.github.com/rest/metrics/traffic#get-repository-clones"
}
Mon Mar  4 00:54:20 UTC 2024: Clone Traffic Data: {
  "message": "Resource not accessible by integration",
  "documentation_url": "https://docs.github.com/rest/metrics/traffic#get-repository-clones"
}
Mon Mar 11 00:54:41 UTC 2024: Clone Traffic Data: {
  "message": "Resource not accessible by integration",
  "documentation_url": "https://docs.github.com/rest/metrics/traffic#get-repository-clones"
}
Mon Mar 18 00:54:57 UTC 2024: Clone Traffic Data: {
  "message": "Resource not accessible by integration",
  "documentation_url": "https://docs.github.com/rest/metrics/traffic#get-repository-clones"
}
